build/outputs/logs/manifest-merger-debug-report.txt
-- Merging decision tree log ---
manifest
ADDED from Bluefizz_testcase\AndroidManifest.xml:2:1-102:12
	xmlns:android
		ADDED from Bluefizz_testcase\AndroidManifest.xml:2:11-69
	package
		ADDED from Bluefizz_testcase\AndroidManifest.xml:3:5-31
	android:versionName
		ADDED from Bluefizz_testcase\AndroidManifest.xml:5:5-30
	android:versionCode
		ADDED from Bluefizz_testcase\AndroidManifest.xml:4:5-28
		INJECTED from Bluefizz_testcase\AndroidManifest.xml
		INJECTED from Bluefizz_testcase\AndroidManifest.xml
uses-sdk
ADDED from Bluefizz_testcase\AndroidManifest.xml:7:5-9:41
	android:targetSdkVersion
		ADDED from Bluefizz_testcase\AndroidManifest.xml:9:9-38
	android:minSdkVersion
		ADDED from Bluefizz_testcase\AndroidManifest.xml:8:9-35
uses-permission#android.permission.SEND_SMS
ADDED from Bluefizz_testcase\AndroidManifest.xml:11:5-66
	android:name
		ADDED from Bluefizz_testcase\AndroidManifest.xml:11:22-64
uses-permission#android.permission.BLUETOOTH
ADDED from Bluefizz_testcase\AndroidManifest.xml:12:5-68
	android:name
		ADDED from Bluefizz_testcase\AndroidManifest.xml:12:22-65
uses-permission#android.permission.BLUETOOTH_ADMIN
ADDED from Bluefizz_testcase\AndroidManifest.xml:13:5-74
	android:name
		ADDED from Bluefizz_testcase\AndroidManifest.xml:13:22-71
uses-permission#android.permission.INTERNET
ADDED from Bluefizz_testcase\AndroidManifest.xml:14:5-67
	android:name
		ADDED from Bluefizz_testcase\AndroidManifest.xml:14:22-64
uses-permission#android.permission.ACCESS_NETWORK_STATE
ADDED from Bluefizz_testcase\AndroidManifest.xml:15:2-76
	android:name
		ADDED from Bluefizz_testcase\AndroidManifest.xml:15:19-73
uses-permission#android.permission.CALL_PHONE
ADDED from Bluefizz_testcase\AndroidManifest.xml:16:5-69
	android:name
		ADDED from Bluefizz_testcase\AndroidManifest.xml:16:22-66
uses-feature#android.hardware.bluetooth_le
ADDED from Bluefizz_testcase\AndroidManifest.xml:18:5-20:35
	android:required
		ADDED from Bluefizz_testcase\AndroidManifest.xml:20:9-32
	android:name
		ADDED from Bluefizz_testcase\AndroidManifest.xml:19:9-53
application
ADDED from Bluefizz_testcase\AndroidManifest.xml:23:5-100:19
	android:label
		ADDED from Bluefizz_testcase\AndroidManifest.xml:26:9-41
	android:allowBackup
		ADDED from Bluefizz_testcase\AndroidManifest.xml:24:9-35
	android:icon
		ADDED from Bluefizz_testcase\AndroidManifest.xml:25:9-43
	android:theme
		ADDED from Bluefizz_testcase\AndroidManifest.xml:27:9-40
activity#com.htc.bluefizz.MainActivity
ADDED from Bluefizz_testcase\AndroidManifest.xml:28:9-36:20
	android:label
		ADDED from Bluefizz_testcase\AndroidManifest.xml:30:13-45
	android:name
		ADDED from Bluefizz_testcase\AndroidManifest.xml:29:13-41
intent-filter#android.intent.action.MAIN+android.intent.category.LAUNCHER
ADDED from Bluefizz_testcase\AndroidManifest.xml:31:13-35:29
action#android.intent.action.MAIN
ADDED from Bluefizz_testcase\AndroidManifest.xml:32:17-69
	android:name
		ADDED from Bluefizz_testcase\AndroidManifest.xml:32:25-66
category#android.intent.category.LAUNCHER
ADDED from Bluefizz_testcase\AndroidManifest.xml:34:17-77
	android:name
		ADDED from Bluefizz_testcase\AndroidManifest.xml:34:27-74
activity#com.htc.bluefizz.Scanning
ADDED from Bluefizz_testcase\AndroidManifest.xml:37:10-45:20
	android:label
		ADDED from Bluefizz_testcase\AndroidManifest.xml:39:13-52
	android:name
		ADDED from Bluefizz_testcase\AndroidManifest.xml:38:13-53
intent-filter#android.intent.category.DEFAULT+com.htc.bluefizz.SCANNING
ADDED from Bluefizz_testcase\AndroidManifest.xml:40:13-44:29
action#com.htc.bluefizz.SCANNING
ADDED from Bluefizz_testcase\AndroidManifest.xml:41:17-68
	android:name
		ADDED from Bluefizz_testcase\AndroidManifest.xml:41:25-65
category#android.intent.category.DEFAULT
ADDED from Bluefizz_testcase\AndroidManifest.xml:43:17-76
	android:name
		ADDED from Bluefizz_testcase\AndroidManifest.xml:43:27-73
activity#com.htc.bluefizz.Settings
ADDED from Bluefizz_testcase\AndroidManifest.xml:46:9-54:20
	android:label
		ADDED from Bluefizz_testcase\AndroidManifest.xml:48:13-52
	android:name
		ADDED from Bluefizz_testcase\AndroidManifest.xml:47:13-53
intent-filter#android.intent.category.DEFAULT+com.htc.bluefizz.SETTINGS
ADDED from Bluefizz_testcase\AndroidManifest.xml:49:13-53:29
action#com.htc.bluefizz.SETTINGS
ADDED from Bluefizz_testcase\AndroidManifest.xml:50:17-68
	android:name
		ADDED from Bluefizz_testcase\AndroidManifest.xml:50:25-65
activity#com.htc.bluefizz.Heartgraph
ADDED from Bluefizz_testcase\AndroidManifest.xml:55:9-63:20
	android:label
		ADDED from Bluefizz_testcase\AndroidManifest.xml:57:13-46
	android:name
		ADDED from Bluefizz_testcase\AndroidManifest.xml:56:13-55
intent-filter#android.intent.category.DEFAULT+com.htc.bluefizz.HEARTGRAPH
ADDED from Bluefizz_testcase\AndroidManifest.xml:58:13-62:29
action#com.htc.bluefizz.HEARTGRAPH
ADDED from Bluefizz_testcase\AndroidManifest.xml:59:17-70
	android:name
		ADDED from Bluefizz_testcase\AndroidManifest.xml:59:25-67
activity#com.htc.bluefizz.Spograph
ADDED from Bluefizz_testcase\AndroidManifest.xml:64:9-72:20
	android:label
		ADDED from Bluefizz_testcase\AndroidManifest.xml:66:13-40
	android:name
		ADDED from Bluefizz_testcase\AndroidManifest.xml:65:13-53
intent-filter#android.intent.category.DEFAULT+com.htc.bluefizz.SPOGRAPH
ADDED from Bluefizz_testcase\AndroidManifest.xml:67:13-71:29
action#com.htc.bluefizz.SPOGRAPH
ADDED from Bluefizz_testcase\AndroidManifest.xml:68:17-68
	android:name
		ADDED from Bluefizz_testcase\AndroidManifest.xml:68:25-65
activity#com.htc.bluefizz.Accgraph
ADDED from Bluefizz_testcase\AndroidManifest.xml:73:9-81:20
	android:label
		ADDED from Bluefizz_testcase\AndroidManifest.xml:75:13-40
	android:name
		ADDED from Bluefizz_testcase\AndroidManifest.xml:74:13-53
intent-filter#android.intent.category.DEFAULT+com.htc.bluefizz.ACCGRAPH
ADDED from Bluefizz_testcase\AndroidManifest.xml:76:13-80:29
action#com.htc.bluefizz.ACCGRAPH
ADDED from Bluefizz_testcase\AndroidManifest.xml:77:17-68
	android:name
		ADDED from Bluefizz_testcase\AndroidManifest.xml:77:25-65
activity#com.htc.bluefizz.Tempgraph
ADDED from Bluefizz_testcase\AndroidManifest.xml:82:9-90:20
	android:label
		ADDED from Bluefizz_testcase\AndroidManifest.xml:84:13-41
	android:name
		ADDED from Bluefizz_testcase\AndroidManifest.xml:83:13-54
intent-filter#android.intent.category.DEFAULT+com.htc.bluefizz.TEMPGRAPH
ADDED from Bluefizz_testcase\AndroidManifest.xml:85:13-89:29
action#com.htc.bluefizz.TEMPGRAPH
ADDED from Bluefizz_testcase\AndroidManifest.xml:86:17-69
	android:name
		ADDED from Bluefizz_testcase\AndroidManifest.xml:86:25-66
activity#com.htc.bluefizz.Fileview
ADDED from Bluefizz_testcase\AndroidManifest.xml:91:9-99:20
	android:label
		ADDED from Bluefizz_testcase\AndroidManifest.xml:93:13-46
	android:name
		ADDED from Bluefizz_testcase\AndroidManifest.xml:92:13-53
intent-filter#android.intent.category.DEFAULT+com.htc.bluefizz.FILEVIEW
ADDED from Bluefizz_testcase\AndroidManifest.xml:94:13-98:29
action#com.htc.bluefizz.FILEVIEW
ADDED from Bluefizz_testcase\AndroidManifest.xml:95:17-68
	android:name
		ADDED from Bluefizz_testcase\AndroidManifest.xml:95:25-65